have_library: checking for -llog... -------------------- no

"gcc -o conftest -I../../.ext/include/arm64-darwin20 -I../.././include -I../.././ext/syslog  -I/opt/homebrew/opt/openssl@1.1/include -I/opt/homebrew/opt/readline/include -I/opt/homebrew/opt/libyaml/include -I/opt/homebrew/opt/gdbm/include -D_XOPEN_SOURCE -D_DARWIN_C_SOURCE -D_DARWIN_UNLIMITED_SELECT -D_REENTRANT   -g -O2 -pipe conftest.c  -L. -L../.. -L/opt/homebrew/opt/openssl@1.1/lib -L/opt/homebrew/opt/readline/lib -L/opt/homebrew/opt/libyaml/lib -L/opt/homebrew/opt/gdbm/lib -L. -fstack-protector-strong -L/opt/homebrew/opt/openssl@1.1/lib -L/opt/homebrew/opt/readline/lib -L/opt/homebrew/opt/libyaml/lib -L/opt/homebrew/opt/gdbm/lib  -m64   -lruby.2.7-static -framework Security -framework Foundation -lpthread -ldl -lobjc   "
checked program was:
/* begin */
1: #include "ruby.h"
2: 
3: int main(int argc, char **argv)
4: {
5:   return !!argv[argc];
6: }
/* end */

"gcc -o conftest -I../../.ext/include/arm64-darwin20 -I../.././include -I../.././ext/syslog  -I/opt/homebrew/opt/openssl@1.1/include -I/opt/homebrew/opt/readline/include -I/opt/homebrew/opt/libyaml/include -I/opt/homebrew/opt/gdbm/include -D_XOPEN_SOURCE -D_DARWIN_C_SOURCE -D_DARWIN_UNLIMITED_SELECT -D_REENTRANT   -g -O2 -pipe conftest.c  -L. -L../.. -L/opt/homebrew/opt/openssl@1.1/lib -L/opt/homebrew/opt/readline/lib -L/opt/homebrew/opt/libyaml/lib -L/opt/homebrew/opt/gdbm/lib -L. -fstack-protector-strong -L/opt/homebrew/opt/openssl@1.1/lib -L/opt/homebrew/opt/readline/lib -L/opt/homebrew/opt/libyaml/lib -L/opt/homebrew/opt/gdbm/lib  -m64   -lruby.2.7-static -framework Security -framework Foundation -lpthread -ldl -lobjc -llog   "
ld: library not found for -llog
clang: error: linker command failed with exit code 1 (use -v to see invocation)
checked program was:
/* begin */
 1: #include "ruby.h"
 2: 
 3: /*top*/
 4: extern int t(void);
 5: int main(int argc, char **argv)
 6: {
 7:   if (argc > 1000000) {
 8:     int (* volatile tp)(void)=(int (*)(void))&t;
 9:     printf("%d", (*tp)());
10:   }
11: 
12:   return !!argv[argc];
13: }
14: 
15: int t(void) { ; return 0; }
/* end */

--------------------

have_header: checking for syslog.h... -------------------- yes

"gcc -E -I../../.ext/include/arm64-darwin20 -I../.././include -I../.././ext/syslog  -I/opt/homebrew/opt/openssl@1.1/include -I/opt/homebrew/opt/readline/include -I/opt/homebrew/opt/libyaml/include -I/opt/homebrew/opt/gdbm/include -D_XOPEN_SOURCE -D_DARWIN_C_SOURCE -D_DARWIN_UNLIMITED_SELECT -D_REENTRANT   -g -O2 -pipe  conftest.c -o conftest.i"
checked program was:
/* begin */
1: #include "ruby.h"
2: 
3: #include <syslog.h>
/* end */

--------------------

have_func: checking for openlog()... -------------------- yes

"gcc -o conftest -I../../.ext/include/arm64-darwin20 -I../.././include -I../.././ext/syslog  -I/opt/homebrew/opt/openssl@1.1/include -I/opt/homebrew/opt/readline/include -I/opt/homebrew/opt/libyaml/include -I/opt/homebrew/opt/gdbm/include -D_XOPEN_SOURCE -D_DARWIN_C_SOURCE -D_DARWIN_UNLIMITED_SELECT -D_REENTRANT   -g -O2 -pipe conftest.c  -L. -L../.. -L/opt/homebrew/opt/openssl@1.1/lib -L/opt/homebrew/opt/readline/lib -L/opt/homebrew/opt/libyaml/lib -L/opt/homebrew/opt/gdbm/lib -L. -fstack-protector-strong -L/opt/homebrew/opt/openssl@1.1/lib -L/opt/homebrew/opt/readline/lib -L/opt/homebrew/opt/libyaml/lib -L/opt/homebrew/opt/gdbm/lib  -m64   -lruby.2.7-static -framework Security -framework Foundation -lpthread -ldl -lobjc   "
conftest.c:14:57: error: use of undeclared identifier 'openlog'
int t(void) { void ((*volatile p)()); p = (void ((*)()))openlog; return !p; }
                                                        ^
1 error generated.
checked program was:
/* begin */
 1: #include "ruby.h"
 2: 
 3: /*top*/
 4: extern int t(void);
 5: int main(int argc, char **argv)
 6: {
 7:   if (argc > 1000000) {
 8:     int (* volatile tp)(void)=(int (*)(void))&t;
 9:     printf("%d", (*tp)());
10:   }
11: 
12:   return !!argv[argc];
13: }
14: int t(void) { void ((*volatile p)()); p = (void ((*)()))openlog; return !p; }
/* end */

"gcc -o conftest -I../../.ext/include/arm64-darwin20 -I../.././include -I../.././ext/syslog  -I/opt/homebrew/opt/openssl@1.1/include -I/opt/homebrew/opt/readline/include -I/opt/homebrew/opt/libyaml/include -I/opt/homebrew/opt/gdbm/include -D_XOPEN_SOURCE -D_DARWIN_C_SOURCE -D_DARWIN_UNLIMITED_SELECT -D_REENTRANT   -g -O2 -pipe conftest.c  -L. -L../.. -L/opt/homebrew/opt/openssl@1.1/lib -L/opt/homebrew/opt/readline/lib -L/opt/homebrew/opt/libyaml/lib -L/opt/homebrew/opt/gdbm/lib -L. -fstack-protector-strong -L/opt/homebrew/opt/openssl@1.1/lib -L/opt/homebrew/opt/readline/lib -L/opt/homebrew/opt/libyaml/lib -L/opt/homebrew/opt/gdbm/lib  -m64   -lruby.2.7-static -framework Security -framework Foundation -lpthread -ldl -lobjc   "
checked program was:
/* begin */
 1: #include "ruby.h"
 2: 
 3: /*top*/
 4: extern int t(void);
 5: int main(int argc, char **argv)
 6: {
 7:   if (argc > 1000000) {
 8:     int (* volatile tp)(void)=(int (*)(void))&t;
 9:     printf("%d", (*tp)());
10:   }
11: 
12:   return !!argv[argc];
13: }
14: extern void openlog();
15: int t(void) { openlog(); return 0; }
/* end */

--------------------

have_func: checking for setlogmask()... -------------------- yes

"gcc -o conftest -I../../.ext/include/arm64-darwin20 -I../.././include -I../.././ext/syslog  -I/opt/homebrew/opt/openssl@1.1/include -I/opt/homebrew/opt/readline/include -I/opt/homebrew/opt/libyaml/include -I/opt/homebrew/opt/gdbm/include -D_XOPEN_SOURCE -D_DARWIN_C_SOURCE -D_DARWIN_UNLIMITED_SELECT -D_REENTRANT   -g -O2 -pipe conftest.c  -L. -L../.. -L/opt/homebrew/opt/openssl@1.1/lib -L/opt/homebrew/opt/readline/lib -L/opt/homebrew/opt/libyaml/lib -L/opt/homebrew/opt/gdbm/lib -L. -fstack-protector-strong -L/opt/homebrew/opt/openssl@1.1/lib -L/opt/homebrew/opt/readline/lib -L/opt/homebrew/opt/libyaml/lib -L/opt/homebrew/opt/gdbm/lib  -m64   -lruby.2.7-static -framework Security -framework Foundation -lpthread -ldl -lobjc   "
conftest.c:14:57: error: use of undeclared identifier 'setlogmask'
int t(void) { void ((*volatile p)()); p = (void ((*)()))setlogmask; return !p; }
                                                        ^
1 error generated.
checked program was:
/* begin */
 1: #include "ruby.h"
 2: 
 3: /*top*/
 4: extern int t(void);
 5: int main(int argc, char **argv)
 6: {
 7:   if (argc > 1000000) {
 8:     int (* volatile tp)(void)=(int (*)(void))&t;
 9:     printf("%d", (*tp)());
10:   }
11: 
12:   return !!argv[argc];
13: }
14: int t(void) { void ((*volatile p)()); p = (void ((*)()))setlogmask; return !p; }
/* end */

"gcc -o conftest -I../../.ext/include/arm64-darwin20 -I../.././include -I../.././ext/syslog  -I/opt/homebrew/opt/openssl@1.1/include -I/opt/homebrew/opt/readline/include -I/opt/homebrew/opt/libyaml/include -I/opt/homebrew/opt/gdbm/include -D_XOPEN_SOURCE -D_DARWIN_C_SOURCE -D_DARWIN_UNLIMITED_SELECT -D_REENTRANT   -g -O2 -pipe conftest.c  -L. -L../.. -L/opt/homebrew/opt/openssl@1.1/lib -L/opt/homebrew/opt/readline/lib -L/opt/homebrew/opt/libyaml/lib -L/opt/homebrew/opt/gdbm/lib -L. -fstack-protector-strong -L/opt/homebrew/opt/openssl@1.1/lib -L/opt/homebrew/opt/readline/lib -L/opt/homebrew/opt/libyaml/lib -L/opt/homebrew/opt/gdbm/lib  -m64   -lruby.2.7-static -framework Security -framework Foundation -lpthread -ldl -lobjc   "
checked program was:
/* begin */
 1: #include "ruby.h"
 2: 
 3: /*top*/
 4: extern int t(void);
 5: int main(int argc, char **argv)
 6: {
 7:   if (argc > 1000000) {
 8:     int (* volatile tp)(void)=(int (*)(void))&t;
 9:     printf("%d", (*tp)());
10:   }
11: 
12:   return !!argv[argc];
13: }
14: extern void setlogmask();
15: int t(void) { setlogmask(); return 0; }
/* end */

--------------------

extconf.h is:
/* begin */
1: #ifndef EXTCONF_H
2: #define EXTCONF_H
3: #define HAVE_SYSLOG_H 1
4: #define HAVE_OPENLOG 1
5: #define HAVE_SETLOGMASK 1
6: #endif
/* end */

