have_type: checking for u_int8_t... -------------------- yes

DYLD_FALLBACK_LIBRARY_PATH=.:../../.. "clang -I../../../.ext/include/arm64-darwin22 -I../../.././include -I../../.././ext/digest/sha2 -I/opt/homebrew/opt/readline/include -I/opt/homebrew/opt/libyaml/include -I/opt/homebrew/opt/gdbm/include -D_XOPEN_SOURCE -D_DARWIN_C_SOURCE -D_DARWIN_UNLIMITED_SELECT -D_REENTRANT   -fdeclspec -O3 -fno-fast-math -ggdb3 -Wall -Wextra -Wdeprecated-declarations -Wdivision-by-zero -Wimplicit-function-declaration -Wimplicit-int -Wmisleading-indentation -Wpointer-arith -Wshorten-64-to-32 -Wwrite-strings -Wold-style-definition -Wmissing-noreturn -Wno-cast-function-type -Wno-constant-logical-operand -Wno-long-long -Wno-missing-field-initializers -Wno-overlength-strings -Wno-parentheses-equality -Wno-self-assign -Wno-tautological-compare -Wno-unused-parameter -Wno-unused-value -Wunused-variable -Wextra-tokens -Wundef  -pipe   -c conftest.c"
checked program was:
/* begin */
1: #include "ruby.h"
2: 
3: /*top*/
4: typedef u_int8_t conftest_type;
5: int conftestval[sizeof(conftest_type)?1:-1];
/* end */

--------------------

have_header: checking for sys/cdefs.h... -------------------- yes

DYLD_FALLBACK_LIBRARY_PATH=.:../../.. "clang -I../../../.ext/include/arm64-darwin22 -I../../.././include -I../../.././ext/digest/sha2 -I/opt/homebrew/opt/readline/include -I/opt/homebrew/opt/libyaml/include -I/opt/homebrew/opt/gdbm/include -D_XOPEN_SOURCE -D_DARWIN_C_SOURCE -D_DARWIN_UNLIMITED_SELECT -D_REENTRANT   -fdeclspec -O3 -fno-fast-math -ggdb3 -Wall -Wextra -Wdeprecated-declarations -Wdivision-by-zero -Wimplicit-function-declaration -Wimplicit-int -Wmisleading-indentation -Wpointer-arith -Wshorten-64-to-32 -Wwrite-strings -Wold-style-definition -Wmissing-noreturn -Wno-cast-function-type -Wno-constant-logical-operand -Wno-long-long -Wno-missing-field-initializers -Wno-overlength-strings -Wno-parentheses-equality -Wno-self-assign -Wno-tautological-compare -Wno-unused-parameter -Wno-unused-value -Wunused-variable -Wextra-tokens -Wundef  -pipe   -c conftest.c"
checked program was:
/* begin */
1: #include "ruby.h"
2: 
3: #include <sys/cdefs.h>
/* end */

--------------------

extconf.h is:
/* begin */
1: #ifndef EXTCONF_H
2: #define EXTCONF_H
3: #define HAVE_TYPE_U_INT8_T 1
4: #define HAVE_SYS_CDEFS_H 1
5: #endif
/* end */

