have_header: checking for CommonCrypto/CommonDigest.h... -------------------- yes

DYLD_FALLBACK_LIBRARY_PATH=.:../../.. "clang -I../../../.ext/include/arm64-darwin20 -I../../.././include -I../../.././ext/digest/sha1 -I/opt/homebrew/opt/openssl@1.1/include -I/opt/homebrew/opt/readline/include -I/opt/homebrew/opt/libyaml/include -I/opt/homebrew/opt/gdbm/include -D_XOPEN_SOURCE -D_DARWIN_C_SOURCE -D_DARWIN_UNLIMITED_SELECT -D_REENTRANT   -fdeclspec -O3 -fno-fast-math -ggdb3 -Wall -Wextra -Wextra-tokens -Wdeprecated-declarations -Wdivision-by-zero -Wdiv-by-zero -Wimplicit-function-declaration -Wimplicit-int -Wmisleading-indentation -Wpointer-arith -Wshorten-64-to-32 -Wwrite-strings -Wold-style-definition -Wmissing-noreturn -Wno-constant-logical-operand -Wno-long-long -Wno-missing-field-initializers -Wno-overlength-strings -Wno-parentheses-equality -Wno-self-assign -Wno-tautological-compare -Wno-unused-parameter -Wno-unused-value -Wunused-variable -Wundef  -pipe   -c conftest.c"
checked program was:
/* begin */
1: #include "ruby.h"
2: 
3: #include <CommonCrypto/CommonDigest.h>
/* end */

--------------------

have_header: checking for sys/cdefs.h... -------------------- yes

DYLD_FALLBACK_LIBRARY_PATH=.:../../.. "clang -I../../../.ext/include/arm64-darwin20 -I../../.././include -I../../.././ext/digest/sha1 -I/opt/homebrew/opt/openssl@1.1/include -I/opt/homebrew/opt/readline/include -I/opt/homebrew/opt/libyaml/include -I/opt/homebrew/opt/gdbm/include -D_XOPEN_SOURCE -D_DARWIN_C_SOURCE -D_DARWIN_UNLIMITED_SELECT -D_REENTRANT   -fdeclspec -O3 -fno-fast-math -ggdb3 -Wall -Wextra -Wextra-tokens -Wdeprecated-declarations -Wdivision-by-zero -Wdiv-by-zero -Wimplicit-function-declaration -Wimplicit-int -Wmisleading-indentation -Wpointer-arith -Wshorten-64-to-32 -Wwrite-strings -Wold-style-definition -Wmissing-noreturn -Wno-constant-logical-operand -Wno-long-long -Wno-missing-field-initializers -Wno-overlength-strings -Wno-parentheses-equality -Wno-self-assign -Wno-tautological-compare -Wno-unused-parameter -Wno-unused-value -Wunused-variable -Wundef  -pipe   -c conftest.c"
checked program was:
/* begin */
1: #include "ruby.h"
2: 
3: #include <sys/cdefs.h>
/* end */

--------------------

extconf.h is:
/* begin */
1: #ifndef EXTCONF_H
2: #define EXTCONF_H
3: #define HAVE_COMMONCRYPTO_COMMONDIGEST_H 1
4: #define SHA1_USE_COMMONDIGEST 1
5: #define HAVE_SYS_CDEFS_H 1
6: #endif
/* end */

