have_var: checking for timezone in time.h... -------------------- yes

"gcc -o conftest -I../../.ext/include/arm64-darwin20 -I../.././include -I../.././ext/date  -I/opt/homebrew/opt/openssl@1.1/include -I/opt/homebrew/opt/readline/include -I/opt/homebrew/opt/libyaml/include -I/opt/homebrew/opt/gdbm/include -D_XOPEN_SOURCE -D_DARWIN_C_SOURCE -D_DARWIN_UNLIMITED_SELECT -D_REENTRANT   -g -O2 -pipe conftest.c  -L. -L../.. -L/opt/homebrew/opt/openssl@1.1/lib -L/opt/homebrew/opt/readline/lib -L/opt/homebrew/opt/libyaml/lib -L/opt/homebrew/opt/gdbm/lib -L. -fstack-protector-strong -L/opt/homebrew/opt/openssl@1.1/lib -L/opt/homebrew/opt/readline/lib -L/opt/homebrew/opt/libyaml/lib -L/opt/homebrew/opt/gdbm/lib  -m64   -lruby.2.7-static -framework Security -framework Foundation -lpthread -ldl -lobjc   "
checked program was:
/* begin */
1: #include "ruby.h"
2: 
3: int main(int argc, char **argv)
4: {
5:   return !!argv[argc];
6: }
/* end */

"gcc -I../../.ext/include/arm64-darwin20 -I../.././include -I../.././ext/date  -I/opt/homebrew/opt/openssl@1.1/include -I/opt/homebrew/opt/readline/include -I/opt/homebrew/opt/libyaml/include -I/opt/homebrew/opt/gdbm/include -D_XOPEN_SOURCE -D_DARWIN_C_SOURCE -D_DARWIN_UNLIMITED_SELECT -D_REENTRANT   -g -O2 -pipe -m64  -c conftest.c"
checked program was:
/* begin */
 1: #include "ruby.h"
 2: 
 3: #include <time.h>
 4: 
 5: /*top*/
 6: extern int t(void);
 7: int main(int argc, char **argv)
 8: {
 9:   if (argc > 1000000) {
10:     int (* volatile tp)(void)=(int (*)(void))&t;
11:     printf("%d", (*tp)());
12:   }
13: 
14:   return !!argv[argc];
15: }
16: int t(void) { const volatile void *volatile p; p = &(&timezone)[0]; return !p; }
/* end */

--------------------

have_var: checking for altzone in time.h... -------------------- no

"gcc -I../../.ext/include/arm64-darwin20 -I../.././include -I../.././ext/date  -I/opt/homebrew/opt/openssl@1.1/include -I/opt/homebrew/opt/readline/include -I/opt/homebrew/opt/libyaml/include -I/opt/homebrew/opt/gdbm/include -D_XOPEN_SOURCE -D_DARWIN_C_SOURCE -D_DARWIN_UNLIMITED_SELECT -D_REENTRANT   -g -O2 -pipe -m64  -c conftest.c"
conftest.c:16:55: error: use of undeclared identifier 'altzone'
int t(void) { const volatile void *volatile p; p = &(&altzone)[0]; return !p; }
                                                      ^
1 error generated.
checked program was:
/* begin */
 1: #include "ruby.h"
 2: 
 3: #include <time.h>
 4: 
 5: /*top*/
 6: extern int t(void);
 7: int main(int argc, char **argv)
 8: {
 9:   if (argc > 1000000) {
10:     int (* volatile tp)(void)=(int (*)(void))&t;
11:     printf("%d", (*tp)());
12:   }
13: 
14:   return !!argv[argc];
15: }
16: int t(void) { const volatile void *volatile p; p = &(&altzone)[0]; return !p; }
/* end */

--------------------

extconf.h is:
/* begin */
1: #ifndef EXTCONF_H
2: #define EXTCONF_H
3: #define HAVE_TIMEZONE 1
4: #endif
/* end */

